#
# There is insufficient memory for the Java Runtime Environment to continue.
# Native memory allocation (malloc) failed to allocate 357616 bytes for Chunk::new
# Possible reasons:
#   The system is out of physical RAM or swap space
#   The process is running with CompressedOops enabled, and the Java Heap may be blocking the growth of the native heap
# Possible solutions:
#   Reduce memory load on the system
#   Increase physical memory or swap space
#   Check if swap backing store is full
#   Decrease Java heap size (-Xmx/-Xms)
#   Decrease number of Java threads
#   Decrease Java thread stack sizes (-Xss)
#   Set larger code cache with -XX:ReservedCodeCacheSize=
#   JVM is running with Unscaled Compressed Oops mode in which the Java heap is
#     placed in the first 4GB address space. The Java Heap base address is the
#     maximum limit for the native heap growth. Please use -XX:HeapBaseMinAddress
#     to set the Java Heap base and to place the Java Heap above 4GB virtual address.
# This output file may be truncated or incomplete.
#
#  Out of Memory Error (allocation.cpp:389), pid=10844, tid=0x0000000000002c08
#
# JRE version: Java(TM) SE Runtime Environment (8.0_241-b07) (build 1.8.0_241-b07)
# Java VM: Java HotSpot(TM) 64-Bit Server VM (25.241-b07 mixed mode windows-amd64 compressed oops)
# Failed to write core dump. Minidumps are not enabled by default on client versions of Windows
#

---------------  T H R E A D  ---------------

Current thread (0x00000000137c4800):  JavaThread "C2 CompilerThread0" daemon [_thread_in_native, id=11272, stack(0x0000000014e20000,0x0000000014f20000)]

Stack: [0x0000000014e20000,0x0000000014f20000]
[error occurred during error reporting (printing stack bounds), id 0xc0000005]

Native frames: (J=compiled Java code, j=interpreted, Vv=VM code, C=native code)


Current CompileTask:
C2:  25675 1659       4       java.net.URLClassLoader$1::run (5 bytes)


---------------  P R O C E S S  ---------------

Java Threads: ( => current thread )
  0x0000000014fcf000 JavaThread "File lock request listener" [_thread_in_native, id=4884, stack(0x0000000019440000,0x0000000019540000)]
  0x0000000014fcf800 JavaThread "Cache worker for journal cache (C:\Users\Admin\.gradle\caches\journal-1)" [_thread_blocked, id=4100, stack(0x0000000019140000,0x0000000019240000)]
  0x00000000165d1800 JavaThread "Daemon client event forwarder" [_thread_blocked, id=8772, stack(0x0000000018070000,0x0000000018170000)]
  0x00000000165cd800 JavaThread "Stdin handler" [_thread_blocked, id=3056, stack(0x0000000017f70000,0x0000000018070000)]
  0x00000000165cb000 JavaThread "Asynchronous log dispatcher for DefaultDaemonConnection: socket connection from /127.0.0.1:55916 to /127.0.0.1:55917" [_thread_blocked, id=7228, stack(0x0000000017e70000,0x0000000017f70000)]
  0x00000000165c9800 JavaThread "Daemon worker" [_thread_in_Java, id=7040, stack(0x0000000017d70000,0x0000000017e70000)]
  0x000000001504e800 JavaThread "Cancel handler" [_thread_blocked, id=8256, stack(0x0000000017c70000,0x0000000017d70000)]
  0x0000000016bbd000 JavaThread "Handler for socket connection from /127.0.0.1:55916 to /127.0.0.1:55917" [_thread_in_native, id=10476, stack(0x0000000017b70000,0x0000000017c70000)]
  0x0000000016586000 JavaThread "Daemon" [_thread_blocked, id=6736, stack(0x0000000017a70000,0x0000000017b70000)]
  0x0000000015056800 JavaThread "Daemon periodic checks" [_thread_blocked, id=8148, stack(0x0000000017970000,0x0000000017a70000)]
  0x000000001528a000 JavaThread "Incoming local TCP Connector on port 55916" [_thread_in_native, id=13088, stack(0x0000000017530000,0x0000000017630000)]
  0x0000000016347800 JavaThread "Daemon health stats" [_thread_blocked, id=9900, stack(0x00000000170f0000,0x00000000171f0000)]
  0x0000000014f26000 JavaThread "Service Thread" daemon [_thread_blocked, id=8736, stack(0x0000000015520000,0x0000000015620000)]
  0x000000001381e000 JavaThread "C1 CompilerThread2" daemon [_thread_blocked, id=440, stack(0x0000000015420000,0x0000000015520000)]
  0x000000001381d800 JavaThread "C2 CompilerThread1" daemon [_thread_in_native, id=10824, stack(0x0000000015320000,0x0000000015420000)]
=>0x00000000137c4800 JavaThread "C2 CompilerThread0" daemon [_thread_in_native, id=11272, stack(0x0000000014e20000,0x0000000014f20000)]
  0x00000000137c2800 JavaThread "Attach Listener" daemon [_thread_blocked, id=2332, stack(0x0000000014d20000,0x0000000014e20000)]
  0x00000000137c1800 JavaThread "Signal Dispatcher" daemon [_thread_blocked, id=4384, stack(0x0000000014c20000,0x0000000014d20000)]
  0x000000000239a800 JavaThread "Finalizer" daemon [_thread_blocked, id=10756, stack(0x0000000014a20000,0x0000000014b20000)]
  0x00000000137aa000 JavaThread "Reference Handler" daemon [_thread_blocked, id=9312, stack(0x0000000014920000,0x0000000014a20000)]
  0x000000000202d800 JavaThread "main" [_thread_blocked, id=5372, stack(0x0000000002030000,0x0000000002130000)]

Other Threads:
  0x0000000013788000 VMThread [stack: 0x0000000014820000,0x0000000014920000] [id=10208]
  0x0000000014f27800 WatcherThread [stack: 0x0000000015620000,0x0000000015720000] [id=2272]

VM state:not at safepoint (normal execution)

VM Mutex/Monitor currently owned by a thread: None

heap address: 0x00000000e0000000, size: 512 MB, Compressed Oops mode: 32-bit
Narrow klass base: 0x0000000000000000, Narrow klass shift: 3
Compressed class space size: 1073741824 Address: 0x0000000100000000

Heap:
 PSYoungGen      total 76288K, used 48794K [0x00000000f5580000, 0x00000000faa80000, 0x0000000100000000)
  eden space 65536K, 61% used [0x00000000f5580000,0x00000000f7c9cb70,0x00000000f9580000)
  from space 10752K, 81% used [0x00000000fa000000,0x00000000fa889fd8,0x00000000faa80000)
  to   space 10752K, 0% used [0x00000000f9580000,0x00000000f9580000,0x00000000fa000000)
 ParOldGen       total 175104K, used 24K [0x00000000e0000000, 0x00000000eab00000, 0x00000000f5580000)
  object space 175104K, 0% used [0x00000000e0000000,0x00000000e0006000,0x00000000eab00000)
 Metaspace       used 16130K, capacity 16678K, committed 16768K, reserved 1062912K
  class space    used 2266K, capacity 2417K, committed 2432K, reserved 1048576K

Card table byte_map: [0x0000000011760000,0x0000000011870000] byte_map_base: 0x0000000011060000

Marking Bits: (ParMarkBitMap*) 0x000000005a7dbe30
 Begin Bits: [0x0000000011d20000, 0x0000000012520000)
 End Bits:   [0x0000000012520000, 0x0000000012d20000)

Polling page: 0x0000000000530000

CodeCache: size=245760Kb used=5369Kb max_used=5539Kb free=240390Kb
 bounds [0x00000000023a0000, 0x0000000002910000, 0x00000000113a0000]
 total_blobs=1940 nmethods=1519 adapters=333
 compilation: enabled

Compilation events (10 events):
Event: 25.137 Thread 0x000000001381d800 nmethod 1658 0x00000000025eb910 code [0x00000000025ebae0, 0x00000000025ed068]
Event: 25.137 Thread 0x000000001381d800 1660   !   4       java.net.URLClassLoader$1::run (63 bytes)
Event: 25.563 Thread 0x000000001381e000 1661       3       java.lang.reflect.Constructor::newInstance (87 bytes)
Event: 25.564 Thread 0x000000001381e000 nmethod 1661 0x000000000263fd50 code [0x000000000263ff40, 0x0000000002640668]
Event: 25.565 Thread 0x000000001381e000 1663       3       sun.misc.SharedSecrets::getJavaLangAccess (4 bytes)
Event: 25.565 Thread 0x000000001381e000 nmethod 1663 0x000000000263fa50 code [0x000000000263fba0, 0x000000000263fcd0]
Event: 25.587 Thread 0x000000001381e000 1664       3       sun.reflect.MethodAccessorImpl::<init> (5 bytes)
Event: 25.587 Thread 0x000000001381e000 nmethod 1664 0x000000000263f610 code [0x000000000263f780, 0x000000000263f990]
Event: 25.650 Thread 0x000000001381e000 1665       3       java.lang.Package::<init> (56 bytes)
Event: 25.651 Thread 0x000000001381e000 nmethod 1665 0x00000000024b7d90 code [0x00000000024b7ee0, 0x00000000024b8150]

GC Heap History (4 events):
Event: 11.449 GC heap before
{Heap before GC invocations=1 (full 0):
 PSYoungGen      total 76288K, used 65536K [0x00000000f5580000, 0x00000000faa80000, 0x0000000100000000)
  eden space 65536K, 100% used [0x00000000f5580000,0x00000000f9580000,0x00000000f9580000)
  from space 10752K, 0% used [0x00000000fa000000,0x00000000fa000000,0x00000000faa80000)
  to   space 10752K, 0% used [0x00000000f9580000,0x00000000f9580000,0x00000000fa000000)
 ParOldGen       total 175104K, used 0K [0x00000000e0000000, 0x00000000eab00000, 0x00000000f5580000)
  object space 175104K, 0% used [0x00000000e0000000,0x00000000e0000000,0x00000000eab00000)
 Metaspace       used 7499K, capacity 7708K, committed 7936K, reserved 1056768K
  class space    used 944K, capacity 1020K, committed 1024K, reserved 1048576K
Event: 11.529 GC heap after
Heap after GC invocations=1 (full 0):
 PSYoungGen      total 76288K, used 5930K [0x00000000f5580000, 0x00000000faa80000, 0x0000000100000000)
  eden space 65536K, 0% used [0x00000000f5580000,0x00000000f5580000,0x00000000f9580000)
  from space 10752K, 55% used [0x00000000f9580000,0x00000000f9b4aa70,0x00000000fa000000)
  to   space 10752K, 0% used [0x00000000fa000000,0x00000000fa000000,0x00000000faa80000)
 ParOldGen       total 175104K, used 16K [0x00000000e0000000, 0x00000000eab00000, 0x00000000f5580000)
  object space 175104K, 0% used [0x00000000e0000000,0x00000000e0004000,0x00000000eab00000)
 Metaspace       used 7499K, capacity 7708K, committed 7936K, reserved 1056768K
  class space    used 944K, capacity 1020K, committed 1024K, reserved 1048576K
}
Event: 23.511 GC heap before
{Heap before GC invocations=2 (full 0):
 PSYoungGen      total 76288K, used 71466K [0x00000000f5580000, 0x00000000faa80000, 0x0000000100000000)
  eden space 65536K, 100% used [0x00000000f5580000,0x00000000f9580000,0x00000000f9580000)
  from space 10752K, 55% used [0x00000000f9580000,0x00000000f9b4aa70,0x00000000fa000000)
  to   space 10752K, 0% used [0x00000000fa000000,0x00000000fa000000,0x00000000faa80000)
 ParOldGen       total 175104K, used 16K [0x00000000e0000000, 0x00000000eab00000, 0x00000000f5580000)
  object space 175104K, 0% used [0x00000000e0000000,0x00000000e0004000,0x00000000eab00000)
 Metaspace       used 13528K, capacity 13936K, committed 14080K, reserved 1060864K
  class space    used 1855K, capacity 2006K, committed 2048K, reserved 1048576K
Event: 23.529 GC heap after
Heap after GC invocations=2 (full 0):
 PSYoungGen      total 76288K, used 8743K [0x00000000f5580000, 0x00000000faa80000, 0x0000000100000000)
  eden space 65536K, 0% used [0x00000000f5580000,0x00000000f5580000,0x00000000f9580000)
  from space 10752K, 81% used [0x00000000fa000000,0x00000000fa889fd8,0x00000000faa80000)
  to   space 10752K, 0% used [0x00000000f9580000,0x00000000f9580000,0x00000000fa000000)
 ParOldGen       total 175104K, used 24K [0x00000000e0000000, 0x00000000eab00000, 0x00000000f5580000)
  object space 175104K, 0% used [0x00000000e0000000,0x00000000e0006000,0x00000000eab00000)
 Metaspace       used 13528K, capacity 13936K, committed 14080K, reserved 1060864K
  class space    used 1855K, capacity 2006K, committed 2048K, reserved 1048576K
}

Deoptimization events (10 events):
Event: 22.634 Thread 0x0000000016bbd000 Uncommon trap: reason=unstable_if action=reinterpret pc=0x000000000273d210 method=java.util.regex.Pattern.has(I)Z @ 6
Event: 22.829 Thread 0x0000000016bbd000 Uncommon trap: reason=unstable_if action=reinterpret pc=0x0000000002828e2c method=java.util.concurrent.ConcurrentHashMap.putVal(Ljava/lang/Object;Ljava/lang/Object;Z)Ljava/lang/Object; @ 206
Event: 23.632 Thread 0x00000000165c9800 Uncommon trap: reason=class_check action=maybe_recompile pc=0x00000000027488c4 method=java.util.regex.Matcher.match(II)Z @ 86
Event: 23.670 Thread 0x00000000165c9800 Uncommon trap: reason=class_check action=maybe_recompile pc=0x00000000027488c4 method=java.util.regex.Matcher.match(II)Z @ 86
Event: 23.966 Thread 0x00000000165c9800 Uncommon trap: reason=class_check action=maybe_recompile pc=0x00000000027488c4 method=java.util.regex.Matcher.match(II)Z @ 86
Event: 23.967 Thread 0x00000000165c9800 Uncommon trap: reason=class_check action=maybe_recompile pc=0x000000000256a120 method=java.util.regex.Matcher.match(II)Z @ 86
Event: 24.144 Thread 0x00000000165c9800 Uncommon trap: reason=predicate action=maybe_recompile pc=0x00000000024e9478 method=java.util.AbstractCollection.toArray([Ljava/lang/Object;)[Ljava/lang/Object; @ 49
Event: 24.545 Thread 0x00000000165c9800 Uncommon trap: reason=unstable_if action=reinterpret pc=0x000000000256edc4 method=java.io.WinNTFileSystem.resolve(Ljava/lang/String;Ljava/lang/String;)Ljava/lang/String; @ 19
Event: 24.564 Thread 0x00000000165c9800 Uncommon trap: reason=unstable_if action=reinterpret pc=0x0000000002744f1c method=java.io.File.getName()Ljava/lang/String; @ 16
Event: 24.565 Thread 0x00000000165c9800 Uncommon trap: reason=unstable_if action=reinterpret pc=0x000000000273cd14 method=java.lang.String.substring(I)Ljava/lang/String; @ 35

Classes redefined (0 events):
No events

Internal exceptions (10 events):
Event: 2.227 Thread 0x000000000202d800 Exception <a 'java/lang/ArrayIndexOutOfBoundsException'> (0x00000000f71f4f88) thrown at [C:\ade\jenkins\workspace\8-2-build-windows-amd64-cygwin\jdk8u241\331\hotspot\src\share\vm\runtime\sharedRuntime.cpp, line 605]
Event: 2.227 Thread 0x000000000202d800 Exception <a 'java/lang/ArrayIndexOutOfBoundsException'> (0x00000000f71f71c0) thrown at [C:\ade\jenkins\workspace\8-2-build-windows-amd64-cygwin\jdk8u241\331\hotspot\src\share\vm\runtime\sharedRuntime.cpp, line 605]
Event: 2.229 Thread 0x000000000202d800 Exception <a 'java/lang/ArrayIndexOutOfBoundsException'> (0x00000000f720ce20) thrown at [C:\ade\jenkins\workspace\8-2-build-windows-amd64-cygwin\jdk8u241\331\hotspot\src\share\vm\runtime\sharedRuntime.cpp, line 605]
Event: 20.650 Thread 0x000000000202d800 Exception <a 'java/lang/NoSuchMethodError': java.lang.Object.lambda$get$0(Ljava/util/function/Supplier;Ljava/lang/Object;)Ljava/lang/Object;> (0x00000000f7fe12e0) thrown at [C:\ade\jenkins\workspace\8-2-build-windows-amd64-cygwin\jdk8u241\331\hotspot\src\
Event: 22.543 Thread 0x000000000202d800 Exception <a 'java/io/IOException'> (0x00000000f8399610) thrown at [C:\ade\jenkins\workspace\8-2-build-windows-amd64-cygwin\jdk8u241\331\hotspot\src\share\vm\prims\jni.cpp, line 710]
Event: 22.837 Thread 0x0000000016bbd000 Exception <a 'java/lang/NoSuchMethodError': <clinit>> (0x00000000f875ec40) thrown at [C:\ade\jenkins\workspace\8-2-build-windows-amd64-cygwin\jdk8u241\331\hotspot\src\share\vm\prims\jni.cpp, line 1614]
Event: 22.843 Thread 0x0000000016bbd000 Exception <a 'java/lang/NoSuchMethodError': <clinit>> (0x00000000f8776e38) thrown at [C:\ade\jenkins\workspace\8-2-build-windows-amd64-cygwin\jdk8u241\331\hotspot\src\share\vm\prims\jni.cpp, line 1614]
Event: 22.845 Thread 0x0000000016bbd000 Exception <a 'java/lang/NoSuchMethodError': <clinit>> (0x00000000f877fa88) thrown at [C:\ade\jenkins\workspace\8-2-build-windows-amd64-cygwin\jdk8u241\331\hotspot\src\share\vm\prims\jni.cpp, line 1614]
Event: 22.859 Thread 0x0000000016bbd000 Exception <a 'java/lang/NoSuchMethodError': <clinit>> (0x00000000f8795ce8) thrown at [C:\ade\jenkins\workspace\8-2-build-windows-amd64-cygwin\jdk8u241\331\hotspot\src\share\vm\prims\jni.cpp, line 1614]
Event: 24.430 Thread 0x00000000165c9800 Exception <a 'java/lang/NoSuchMethodError': java.lang.Object.lambda$static$0(Lorg/gradle/internal/state/ModelObject;)Ljava/lang/String;> (0x00000000f6456d88) thrown at [C:\ade\jenkins\workspace\8-2-build-windows-amd64-cygwin\jdk8u241\331\hotspot\src\share

Events (10 events):
Event: 25.666 loading class org/gradle/tooling/internal/protocol/InternalBuildActionFailureException
Event: 25.666 loading class org/gradle/tooling/internal/protocol/InternalBuildActionFailureException done
Event: 25.667 loading class org/gradle/tooling/internal/provider/runner/AbstractClientProvidedBuildActionRunner$ClientAction
Event: 25.667 loading class org/gradle/tooling/internal/provider/runner/AbstractClientProvidedBuildActionRunner$ClientAction done
Event: 25.668 loading class org/gradle/tooling/internal/provider/runner/ClientProvidedPhasedActionRunner
Event: 25.669 loading class org/gradle/tooling/internal/provider/runner/ClientProvidedPhasedActionRunner done
Event: 25.670 loading class org/gradle/internal/build/DefaultBuildLifecycleControllerFactory
Event: 25.670 loading class org/gradle/internal/build/DefaultBuildLifecycleControllerFactory done
Event: 25.671 loading class org/gradle/internal/build/BuildLifecycleControllerFactory
Event: 25.671 loading class org/gradle/internal/build/BuildLifecycleControllerFactory done


Dynamic libraries:
0x00007ff7a8fd0000 - 0x00007ff7a9007000 	C:\Program Files\Java\jdk1.8.0_241\bin\java.exe
0x00007ffc44c90000 - 0x00007ffc44e88000 	C:\Windows\SYSTEM32\ntdll.dll
0x00007ffc439b0000 - 0x00007ffc43a6f000 	C:\Windows\System32\KERNEL32.DLL
0x00007ffc427f0000 - 0x00007ffc42ac2000 	C:\Windows\System32\KERNELBASE.dll
0x00007ffc43f60000 - 0x00007ffc4400e000 	C:\Windows\System32\ADVAPI32.dll
0x00007ffc43910000 - 0x00007ffc439ae000 	C:\Windows\System32\msvcrt.dll
0x00007ffc44730000 - 0x00007ffc447cc000 	C:\Windows\System32\sechost.dll
0x00007ffc42cd0000 - 0x00007ffc42df5000 	C:\Windows\System32\RPCRT4.dll
0x00007ffc440c0000 - 0x00007ffc44261000 	C:\Windows\System32\USER32.dll
0x00007ffc426e0000 - 0x00007ffc42702000 	C:\Windows\System32\win32u.dll
0x00007ffc44090000 - 0x00007ffc440bb000 	C:\Windows\System32\GDI32.dll
0x00007ffc42540000 - 0x00007ffc4264f000 	C:\Windows\System32\gdi32full.dll
0x00007ffc42c30000 - 0x00007ffc42ccd000 	C:\Windows\System32\msvcp_win.dll
0x00007ffc423d0000 - 0x00007ffc424d0000 	C:\Windows\System32\ucrtbase.dll
0x00007ffc348c0000 - 0x00007ffc34b5a000 	C:\Windows\WinSxS\amd64_microsoft.windows.common-controls_6595b64144ccf1df_6.0.19041.1110_none_60b5254171f9507e\COMCTL32.dll
0x00007ffc44b30000 - 0x00007ffc44b62000 	C:\Windows\System32\IMM32.DLL
0x000000005a860000 - 0x000000005a932000 	C:\Program Files\Java\jdk1.8.0_241\jre\bin\msvcr100.dll
0x0000000059fb0000 - 0x000000005a85c000 	C:\Program Files\Java\jdk1.8.0_241\jre\bin\server\jvm.dll
0x00007ffc44020000 - 0x00007ffc44028000 	C:\Windows\System32\PSAPI.DLL
0x00007ffc25400000 - 0x00007ffc25409000 	C:\Windows\SYSTEM32\WSOCK32.dll
0x00007ffc446c0000 - 0x00007ffc4472b000 	C:\Windows\System32\WS2_32.dll
0x00007ffc327a0000 - 0x00007ffc327c7000 	C:\Windows\SYSTEM32\WINMM.dll
0x00007ffc3bd50000 - 0x00007ffc3bd5a000 	C:\Windows\SYSTEM32\VERSION.dll
0x00007ffc3cb20000 - 0x00007ffc3cb2f000 	C:\Program Files\Java\jdk1.8.0_241\jre\bin\verify.dll
0x00007ffc2e4d0000 - 0x00007ffc2e4f9000 	C:\Program Files\Java\jdk1.8.0_241\jre\bin\java.dll
0x00007ffc3bbd0000 - 0x00007ffc3bbe6000 	C:\Program Files\Java\jdk1.8.0_241\jre\bin\zip.dll
0x00007ffc430e0000 - 0x00007ffc43825000 	C:\Windows\System32\SHELL32.dll
0x00007ffc40440000 - 0x00007ffc40bd2000 	C:\Windows\SYSTEM32\windows.storage.dll
0x00007ffc447d0000 - 0x00007ffc44b25000 	C:\Windows\System32\combase.dll
0x00007ffc41de0000 - 0x00007ffc41e10000 	C:\Windows\SYSTEM32\Wldp.dll
0x00007ffc44280000 - 0x00007ffc4432d000 	C:\Windows\System32\SHCORE.dll
0x00007ffc44660000 - 0x00007ffc446b5000 	C:\Windows\System32\shlwapi.dll
0x00007ffc422c0000 - 0x00007ffc422df000 	C:\Windows\SYSTEM32\profapi.dll
0x00007ffc31b50000 - 0x00007ffc31b6a000 	C:\Program Files\Java\jdk1.8.0_241\jre\bin\net.dll
0x00007ffc41b40000 - 0x00007ffc41baa000 	C:\Windows\system32\mswsock.dll
0x00007ffc2eec0000 - 0x00007ffc2eed2000 	C:\Program Files\Java\jdk1.8.0_241\jre\bin\nio.dll
0x00007ffc2eee0000 - 0x00007ffc2ef07000 	C:\Users\Admin\.gradle\native\68d5fa5c4cc2d200863cafc0d521ce42e7d3e7ee720ec0a83991735586a16f82\windows-amd64\native-platform.dll
0x00007ffc242f0000 - 0x00007ffc24434000 	C:\Users\Admin\.gradle\native\e376f236ea51e6404a007f0833ffe2c6e607c4080706a723a18a27aeea778392\windows-amd64\native-platform-file-events.dll
0x00007ffc3cb10000 - 0x00007ffc3cb1d000 	C:\Program Files\Java\jdk1.8.0_241\jre\bin\management.dll
0x00007ffc41d40000 - 0x00007ffc41d58000 	C:\Windows\SYSTEM32\CRYPTSP.dll
0x00007ffc413f0000 - 0x00007ffc41424000 	C:\Windows\system32\rsaenh.dll
0x00007ffc427c0000 - 0x00007ffc427e7000 	C:\Windows\System32\bcrypt.dll
0x00007ffc42280000 - 0x00007ffc422ae000 	C:\Windows\SYSTEM32\USERENV.dll
0x00007ffc42650000 - 0x00007ffc426d2000 	C:\Windows\System32\bcryptprimitives.dll
0x00007ffc41d30000 - 0x00007ffc41d3c000 	C:\Windows\SYSTEM32\CRYPTBASE.dll
0x00007ffc417e0000 - 0x00007ffc4181b000 	C:\Windows\SYSTEM32\IPHLPAPI.DLL
0x00007ffc44270000 - 0x00007ffc44278000 	C:\Windows\System32\NSI.dll
0x00007ffc3bcd0000 - 0x00007ffc3bce7000 	C:\Windows\SYSTEM32\dhcpcsvc6.DLL
0x00007ffc3c1c0000 - 0x00007ffc3c1dd000 	C:\Windows\SYSTEM32\dhcpcsvc.DLL
0x00007ffc41830000 - 0x00007ffc418fb000 	C:\Windows\SYSTEM32\DNSAPI.dll

VM Arguments:
jvm_args: -XX:MaxMetaspaceSize=256m -XX:+HeapDumpOnOutOfMemoryError -Xms256m -Xmx512m -Dfile.encoding=windows-1252 -Duser.country=US -Duser.language=en -Duser.variant 
java_command: org.gradle.launcher.daemon.bootstrap.GradleDaemon 7.6.1
java_class_path (initial): C:\Users\Admin\.gradle\wrapper\dists\gradle-7.6.1-bin\2clxi94ab3brv6467628wnxmd\gradle-7.6.1\lib\gradle-launcher-7.6.1.jar
Launcher Type: SUN_STANDARD

Environment Variables:
PATH=C:\Program Files (x86)\Common Files\Oracle\Java\javapath;C:\Windows\system32;C:\Windows;C:\Windows\System32\Wbem;C:\Windows\System32\WindowsPowerShell\v1.0\;C:\Windows\System32\OpenSSH\;C:\Program Files\Git\cmd;C:\Users\Admin\AppData\Local\Microsoft\WindowsApps;C:\Users\Admin\AppData\Local\GitHubDesktop\bin;D:\Microsoft VS Code\bin
USERNAME=Admin
OS=Windows_NT
PROCESSOR_IDENTIFIER=Intel64 Family 6 Model 61 Stepping 4, GenuineIntel



---------------  S Y S T E M  ---------------

OS: Windows 10.0 , 64 bit Build 19041 (10.0.19041.2546)

CPU:total 4 (initial active 4) (2 cores per cpu, 2 threads per core) family 6 model 61 stepping 4, cmov, cx8, fxsr, mmx, sse, sse2, sse3, ssse3, sse4.1, sse4.2, popcnt, avx, avx2, aes, clmul, erms, 3dnowpref, lzcnt, ht, tsc, tscinvbit, bmi1, bmi2, adx

Memory: 4k page, physical 4107668k(153348k free), swap 9808700k(3204k free)

vm_info: Java HotSpot(TM) 64-Bit Server VM (25.241-b07) for windows-amd64 JRE (1.8.0_241-b07), built on Dec 11 2019 10:21:40 by "rejava" with MS VC++ 10.0 (VS2010)

time: Tue Mar 14 14:58:02 2023
timezone: SE Asia Standard Time
elapsed time: 25 seconds (0d 0h 0m 25s)

