#
# There is insufficient memory for the Java Runtime Environment to continue.
# Native memory allocation (malloc) failed to allocate 45072 bytes for Chunk::new
# Possible reasons:
#   The system is out of physical RAM or swap space
#   The process is running with CompressedOops enabled, and the Java Heap may be blocking the growth of the native heap
# Possible solutions:
#   Reduce memory load on the system
#   Increase physical memory or swap space
#   Check if swap backing store is full
#   Decrease Java heap size (-Xmx/-Xms)
#   Decrease number of Java threads
#   Decrease Java thread stack sizes (-Xss)
#   Set larger code cache with -XX:ReservedCodeCacheSize=
#   JVM is running with Unscaled Compressed Oops mode in which the Java heap is
#     placed in the first 4GB address space. The Java Heap base address is the
#     maximum limit for the native heap growth. Please use -XX:HeapBaseMinAddress
#     to set the Java Heap base and to place the Java Heap above 4GB virtual address.
# This output file may be truncated or incomplete.
#
#  Out of Memory Error (allocation.cpp:389), pid=5616, tid=0x00000000000031c4
#
# JRE version: Java(TM) SE Runtime Environment (8.0_241-b07) (build 1.8.0_241-b07)
# Java VM: Java HotSpot(TM) 64-Bit Server VM (25.241-b07 mixed mode windows-amd64 compressed oops)
# Failed to write core dump. Minidumps are not enabled by default on client versions of Windows
#

---------------  T H R E A D  ---------------

Current thread (0x000000001570d000):  JavaThread "C2 CompilerThread0" daemon [_thread_in_native, id=12740, stack(0x0000000016d60000,0x0000000016e60000)]

Stack: [0x0000000016d60000,0x0000000016e60000]
[error occurred during error reporting (printing stack bounds), id 0xc0000005]

Native frames: (J=compiled Java code, j=interpreted, Vv=VM code, C=native code)


Current CompileTask:
C2: 815867 6223   !   4       org.springframework.core.annotation.AnnotationUtils::isInterfaceWithAnnotatedMethods (99 bytes)


---------------  P R O C E S S  ---------------

Java Threads: ( => current thread )
  0x0000000018d55000 JavaThread "RMI TCP Connection(13)-127.0.0.1" daemon [_thread_in_native, id=8252, stack(0x0000000002df0000,0x0000000002ef0000)]
  0x0000000018d56800 JavaThread "http-nio-8080-exec-23" daemon [_thread_blocked, id=13108, stack(0x000000001a9b0000,0x000000001aab0000)]
  0x0000000018d5c800 JavaThread "http-nio-8080-exec-22" daemon [_thread_blocked, id=5692, stack(0x000000001adb0000,0x000000001aeb0000)]
  0x0000000018d58000 JavaThread "RMI TCP Connection(15)-127.0.0.1" daemon [_thread_in_native, id=3820, stack(0x000000001a4b0000,0x000000001a5b0000)]
  0x0000000018d5b000 JavaThread "http-nio-8080-exec-21" daemon [_thread_blocked, id=9480, stack(0x000000001abb0000,0x000000001acb0000)]
  0x0000000018d5d800 JavaThread "RMI TCP Connection(14)-127.0.0.1" daemon [_thread_in_native, id=1736, stack(0x000000001a7b0000,0x000000001a8b0000)]
  0x0000000018d5f000 JavaThread "RMI TCP Connection(10)-127.0.0.1" daemon [_thread_in_native, id=8492, stack(0x000000001a5b0000,0x000000001a6b0000)]
  0x0000000018d5c000 JavaThread "http-nio-8080-exec-20" daemon [_thread_blocked, id=10656, stack(0x0000000019b70000,0x0000000019c70000)]
  0x0000000018d5a800 JavaThread "http-nio-8080-exec-19" daemon [_thread_blocked, id=4084, stack(0x0000000019970000,0x0000000019a70000)]
  0x0000000018d60800 JavaThread "http-nio-8080-exec-18" daemon [_thread_blocked, id=12248, stack(0x000000001aab0000,0x000000001abb0000)]
  0x0000000018d52000 JavaThread "http-nio-8080-exec-16" daemon [_thread_blocked, id=12364, stack(0x0000000001320000,0x0000000001420000)]
  0x0000000018d53000 JavaThread "http-nio-8080-exec-15" daemon [_thread_blocked, id=2388, stack(0x000000001a6b0000,0x000000001a7b0000)]
  0x0000000018d59000 JavaThread "http-nio-8080-exec-14" daemon [_thread_blocked, id=1248, stack(0x000000001acb0000,0x000000001adb0000)]
  0x0000000018d57800 JavaThread "http-nio-8080-exec-11" daemon [_thread_blocked, id=11572, stack(0x0000000001420000,0x0000000001520000)]
  0x0000000018d53800 JavaThread "http-nio-8080-Acceptor" daemon [_thread_in_native, id=856, stack(0x000000001b1b0000,0x000000001b2b0000)]
  0x0000000018d54800 JavaThread "http-nio-8080-Poller" daemon [_thread_in_native, id=3740, stack(0x000000001b0b0000,0x000000001b1b0000)]
  0x0000000018d56000 JavaThread "Catalina-utility-2" [_thread_blocked, id=10296, stack(0x000000001afb0000,0x000000001b0b0000)]
  0x0000000018ae4800 JavaThread "Catalina-utility-1" [_thread_blocked, id=3676, stack(0x0000000019c70000,0x0000000019d70000)]
  0x0000000017d24800 JavaThread "GC Daemon" daemon [_thread_blocked, id=10548, stack(0x0000000019e70000,0x0000000019f70000)]
  0x0000000017b5f000 JavaThread "AsyncFileHandlerWriter-1" daemon [_thread_blocked, id=9872, stack(0x0000000019d70000,0x0000000019e70000)]
  0x0000000017c13000 JavaThread "RMI Scheduler(0)" daemon [_thread_blocked, id=9200, stack(0x0000000019a70000,0x0000000019b70000)]
  0x00000000176f2800 JavaThread "RMI TCP Accept-0" daemon [_thread_in_native, id=12472, stack(0x00000000185a0000,0x00000000186a0000)]
  0x00000000176f0800 JavaThread "RMI TCP Accept-1099" daemon [_thread_in_native, id=11636, stack(0x00000000184a0000,0x00000000185a0000)]
  0x0000000017682000 JavaThread "RMI TCP Accept-0" daemon [_thread_in_native, id=11020, stack(0x00000000181a0000,0x00000000182a0000)]
  0x00000000173f6000 JavaThread "FileHandlerLogFilesCleaner-1" daemon [_thread_blocked, id=13104, stack(0x0000000017560000,0x0000000017660000)]
  0x00000000170a4000 JavaThread "Service Thread" daemon [_thread_blocked, id=4848, stack(0x0000000017460000,0x0000000017560000)]
  0x0000000015719800 JavaThread "C1 CompilerThread2" daemon [_thread_blocked, id=12436, stack(0x0000000016f60000,0x0000000017060000)]
  0x0000000015716000 JavaThread "C2 CompilerThread1" daemon [_thread_blocked, id=3248, stack(0x0000000016e60000,0x0000000016f60000)]
=>0x000000001570d000 JavaThread "C2 CompilerThread0" daemon [_thread_in_native, id=12740, stack(0x0000000016d60000,0x0000000016e60000)]
  0x000000001570b000 JavaThread "Attach Listener" daemon [_thread_blocked, id=7268, stack(0x0000000016c60000,0x0000000016d60000)]
  0x0000000015709800 JavaThread "Signal Dispatcher" daemon [_thread_blocked, id=11460, stack(0x0000000016b60000,0x0000000016c60000)]
  0x00000000030e8800 JavaThread "Finalizer" daemon [_thread_blocked, id=12456, stack(0x0000000016960000,0x0000000016a60000)]
  0x00000000156ea000 JavaThread "Reference Handler" daemon [_thread_blocked, id=13280, stack(0x0000000016860000,0x0000000016960000)]
  0x0000000002ff3800 JavaThread "main" [_thread_in_native, id=9672, stack(0x0000000002ef0000,0x0000000002ff0000)]

Other Threads:
  0x00000000156c7000 VMThread [stack: 0x0000000016760000,0x0000000016860000] [id=10644]
  0x00000000176f7800 WatcherThread [stack: 0x00000000186a0000,0x00000000187a0000] [id=11204]

VM state:not at safepoint (normal execution)

VM Mutex/Monitor currently owned by a thread: None

heap address: 0x00000000c1400000, size: 1004 MB, Compressed Oops mode: 32-bit
Narrow klass base: 0x0000000000000000, Narrow klass shift: 3
Compressed class space size: 1073741824 Address: 0x0000000100000000

Heap:
 PSYoungGen      total 266752K, used 54242K [0x00000000eb180000, 0x00000000fe280000, 0x0000000100000000)
  eden space 238592K, 22% used [0x00000000eb180000,0x00000000ee678ad0,0x00000000f9a80000)
  from space 28160K, 0% used [0x00000000fbb00000,0x00000000fbb00000,0x00000000fd680000)
  to   space 33280K, 0% used [0x00000000f9a80000,0x00000000f9a80000,0x00000000fbb00000)
 ParOldGen       total 92160K, used 40627K [0x00000000c1400000, 0x00000000c6e00000, 0x00000000eb180000)
  object space 92160K, 44% used [0x00000000c1400000,0x00000000c3bacd08,0x00000000c6e00000)
 Metaspace       used 53250K, capacity 54236K, committed 59028K, reserved 1101824K
  class space    used 6271K, capacity 6486K, committed 7168K, reserved 1048576K

Card table byte_map: [0x00000000124b0000,0x00000000126b0000] byte_map_base: 0x0000000011ea6000

Marking Bits: (ParMarkBitMap*) 0x000000007343be30
 Begin Bits: [0x0000000012c00000, 0x0000000013bb0000)
 End Bits:   [0x0000000013bb0000, 0x0000000014b60000)

Polling page: 0x0000000002d30000

CodeCache: size=245760Kb used=20993Kb max_used=20993Kb free=224766Kb
 bounds [0x00000000030f0000, 0x0000000004590000, 0x00000000120f0000]
 total_blobs=5819 nmethods=5322 adapters=408
 compilation: enabled

Compilation events (10 events):
Event: 813.552 Thread 0x0000000015719800 6227       3       org.apache.catalina.core.StandardWrapperFacade::getInitParameter (11 bytes)
Event: 813.552 Thread 0x0000000015719800 nmethod 6227 0x00000000045534d0 code [0x0000000004553640, 0x0000000004553868]
Event: 813.552 Thread 0x0000000015719800 6228       3       org.apache.catalina.core.StandardWrapper::getInitParameter (6 bytes)
Event: 813.553 Thread 0x0000000015719800 nmethod 6228 0x0000000004553110 code [0x0000000004553280, 0x0000000004553428]
Event: 813.553 Thread 0x0000000015719800 6229   !   3       org.apache.catalina.core.StandardWrapper::findInitParameter (47 bytes)
Event: 813.554 Thread 0x0000000015719800 nmethod 6229 0x0000000004551d90 code [0x0000000004551fc0, 0x0000000004552b88]
Event: 814.069 Thread 0x0000000015719800 6230       3       sun.rmi.transport.DGCImpl::checkInput (147 bytes)
Event: 814.070 Thread 0x0000000015719800 nmethod 6230 0x0000000004551050 code [0x0000000004551240, 0x0000000004551b48]
Event: 814.972 Thread 0x0000000015719800 6231       1       java.io.ObjectInputStream$HandleTable::size (5 bytes)
Event: 814.972 Thread 0x0000000015719800 nmethod 6231 0x0000000004550d90 code [0x0000000004550ee0, 0x0000000004550ff0]

GC Heap History (10 events):
Event: 89.423 GC heap before
{Heap before GC invocations=17 (full 2):
 PSYoungGen      total 181760K, used 181728K [0x00000000eb180000, 0x00000000f7d80000, 0x0000000100000000)
  eden space 165376K, 100% used [0x00000000eb180000,0x00000000f5300000,0x00000000f5300000)
  from space 16384K, 99% used [0x00000000f6600000,0x00000000f75f8210,0x00000000f7600000)
  to   space 19456K, 0% used [0x00000000f5300000,0x00000000f5300000,0x00000000f6600000)
 ParOldGen       total 59904K, used 19471K [0x00000000c1400000, 0x00000000c4e80000, 0x00000000eb180000)
  object space 59904K, 32% used [0x00000000c1400000,0x00000000c2703d40,0x00000000c4e80000)
 Metaspace       used 42902K, capacity 43702K, committed 44120K, reserved 1087488K
  class space    used 4928K, capacity 5128K, committed 5248K, reserved 1048576K
Event: 89.473 GC heap after
Heap after GC invocations=17 (full 2):
 PSYoungGen      total 184832K, used 19452K [0x00000000eb180000, 0x00000000fb080000, 0x0000000100000000)
  eden space 165376K, 0% used [0x00000000eb180000,0x00000000eb180000,0x00000000f5300000)
  from space 19456K, 99% used [0x00000000f5300000,0x00000000f65ff300,0x00000000f6600000)
  to   space 23040K, 0% used [0x00000000f9a00000,0x00000000f9a00000,0x00000000fb080000)
 ParOldGen       total 59904K, used 22283K [0x00000000c1400000, 0x00000000c4e80000, 0x00000000eb180000)
  object space 59904K, 37% used [0x00000000c1400000,0x00000000c29c2ca0,0x00000000c4e80000)
 Metaspace       used 42902K, capacity 43702K, committed 44120K, reserved 1087488K
  class space    used 4928K, capacity 5128K, committed 5248K, reserved 1048576K
}
Event: 780.007 GC heap before
{Heap before GC invocations=18 (full 2):
 PSYoungGen      total 184832K, used 184828K [0x00000000eb180000, 0x00000000fb080000, 0x0000000100000000)
  eden space 165376K, 100% used [0x00000000eb180000,0x00000000f5300000,0x00000000f5300000)
  from space 19456K, 99% used [0x00000000f5300000,0x00000000f65ff300,0x00000000f6600000)
  to   space 23040K, 0% used [0x00000000f9a00000,0x00000000f9a00000,0x00000000fb080000)
 ParOldGen       total 59904K, used 22283K [0x00000000c1400000, 0x00000000c4e80000, 0x00000000eb180000)
  object space 59904K, 37% used [0x00000000c1400000,0x00000000c29c2ca0,0x00000000c4e80000)
 Metaspace       used 47088K, capacity 47926K, committed 48216K, reserved 1091584K
  class space    used 5449K, capacity 5650K, committed 5760K, reserved 1048576K
Event: 781.844 GC heap after
Heap after GC invocations=18 (full 2):
 PSYoungGen      total 231936K, used 19055K [0x00000000eb180000, 0x00000000faf80000, 0x0000000100000000)
  eden space 209920K, 0% used [0x00000000eb180000,0x00000000eb180000,0x00000000f7e80000)
  from space 22016K, 86% used [0x00000000f9a00000,0x00000000fac9bfc8,0x00000000faf80000)
  to   space 25088K, 0% used [0x00000000f7e80000,0x00000000f7e80000,0x00000000f9700000)
 ParOldGen       total 59904K, used 23483K [0x00000000c1400000, 0x00000000c4e80000, 0x00000000eb180000)
  object space 59904K, 39% used [0x00000000c1400000,0x00000000c2aeecd0,0x00000000c4e80000)
 Metaspace       used 47088K, capacity 47926K, committed 48216K, reserved 1091584K
  class space    used 5449K, capacity 5650K, committed 5760K, reserved 1048576K
}
Event: 799.743 GC heap before
{Heap before GC invocations=19 (full 2):
 PSYoungGen      total 231936K, used 228975K [0x00000000eb180000, 0x00000000faf80000, 0x0000000100000000)
  eden space 209920K, 100% used [0x00000000eb180000,0x00000000f7e80000,0x00000000f7e80000)
  from space 22016K, 86% used [0x00000000f9a00000,0x00000000fac9bfc8,0x00000000faf80000)
  to   space 25088K, 0% used [0x00000000f7e80000,0x00000000f7e80000,0x00000000f9700000)
 ParOldGen       total 59904K, used 23483K [0x00000000c1400000, 0x00000000c4e80000, 0x00000000eb180000)
  object space 59904K, 39% used [0x00000000c1400000,0x00000000c2aeecd0,0x00000000c4e80000)
 Metaspace       used 53257K, capacity 54228K, committed 54616K, reserved 1097728K
  class space    used 6276K, capacity 6523K, committed 6528K, reserved 1048576K
Event: 799.808 GC heap after
Heap after GC invocations=19 (full 2):
 PSYoungGen      total 235008K, used 22977K [0x00000000eb180000, 0x00000000fd680000, 0x0000000100000000)
  eden space 209920K, 0% used [0x00000000eb180000,0x00000000eb180000,0x00000000f7e80000)
  from space 25088K, 91% used [0x00000000f7e80000,0x00000000f94f0430,0x00000000f9700000)
  to   space 28160K, 0% used [0x00000000fbb00000,0x00000000fbb00000,0x00000000fd680000)
 ParOldGen       total 59904K, used 23491K [0x00000000c1400000, 0x00000000c4e80000, 0x00000000eb180000)
  object space 59904K, 39% used [0x00000000c1400000,0x00000000c2af0cd0,0x00000000c4e80000)
 Metaspace       used 53257K, capacity 54228K, committed 54616K, reserved 1097728K
  class space    used 6276K, capacity 6523K, committed 6528K, reserved 1048576K
}
Event: 806.511 GC heap before
{Heap before GC invocations=20 (full 2):
 PSYoungGen      total 235008K, used 223146K [0x00000000eb180000, 0x00000000fd680000, 0x0000000100000000)
  eden space 209920K, 95% used [0x00000000eb180000,0x00000000f74fa710,0x00000000f7e80000)
  from space 25088K, 91% used [0x00000000f7e80000,0x00000000f94f0430,0x00000000f9700000)
  to   space 28160K, 0% used [0x00000000fbb00000,0x00000000fbb00000,0x00000000fd680000)
 ParOldGen       total 59904K, used 23491K [0x00000000c1400000, 0x00000000c4e80000, 0x00000000eb180000)
  object space 59904K, 39% used [0x00000000c1400000,0x00000000c2af0cd0,0x00000000c4e80000)
 Metaspace       used 57648K, capacity 58674K, committed 59028K, reserved 1101824K
  class space    used 6860K, capacity 7118K, committed 7168K, reserved 1048576K
Event: 806.598 GC heap after
Heap after GC invocations=20 (full 2):
 PSYoungGen      total 266752K, used 28145K [0x00000000eb180000, 0x00000000fe280000, 0x0000000100000000)
  eden space 238592K, 0% used [0x00000000eb180000,0x00000000eb180000,0x00000000f9a80000)
  from space 28160K, 99% used [0x00000000fbb00000,0x00000000fd67c638,0x00000000fd680000)
  to   space 33280K, 0% used [0x00000000f9a80000,0x00000000f9a80000,0x00000000fbb00000)
 ParOldGen       total 59904K, used 25290K [0x00000000c1400000, 0x00000000c4e80000, 0x00000000eb180000)
  object space 59904K, 42% used [0x00000000c1400000,0x00000000c2cb2a00,0x00000000c4e80000)
 Metaspace       used 57648K, capacity 58674K, committed 59028K, reserved 1101824K
  class space    used 6860K, capacity 7118K, committed 7168K, reserved 1048576K
}
Event: 806.600 GC heap before
{Heap before GC invocations=21 (full 3):
 PSYoungGen      total 266752K, used 28145K [0x00000000eb180000, 0x00000000fe280000, 0x0000000100000000)
  eden space 238592K, 0% used [0x00000000eb180000,0x00000000eb180000,0x00000000f9a80000)
  from space 28160K, 99% used [0x00000000fbb00000,0x00000000fd67c638,0x00000000fd680000)
  to   space 33280K, 0% used [0x00000000f9a80000,0x00000000f9a80000,0x00000000fbb00000)
 ParOldGen       total 59904K, used 25290K [0x00000000c1400000, 0x00000000c4e80000, 0x00000000eb180000)
  object space 59904K, 42% used [0x00000000c1400000,0x00000000c2cb2a00,0x00000000c4e80000)
 Metaspace       used 57648K, capacity 58674K, committed 59028K, reserved 1101824K
  class space    used 6860K, capacity 7118K, committed 7168K, reserved 1048576K
Event: 807.885 GC heap after
Heap after GC invocations=21 (full 3):
 PSYoungGen      total 266752K, used 0K [0x00000000eb180000, 0x00000000fe280000, 0x0000000100000000)
  eden space 238592K, 0% used [0x00000000eb180000,0x00000000eb180000,0x00000000f9a80000)
  from space 28160K, 0% used [0x00000000fbb00000,0x00000000fbb00000,0x00000000fd680000)
  to   space 33280K, 0% used [0x00000000f9a80000,0x00000000f9a80000,0x00000000fbb00000)
 ParOldGen       total 92160K, used 40627K [0x00000000c1400000, 0x00000000c6e00000, 0x00000000eb180000)
  object space 92160K, 44% used [0x00000000c1400000,0x00000000c3bacd08,0x00000000c6e00000)
 Metaspace       used 51608K, capacity 52486K, committed 59028K, reserved 1101824K
  class space    used 6037K, capacity 6253K, committed 7168K, reserved 1048576K
}

Deoptimization events (10 events):
Event: 777.603 Thread 0x0000000018d5d800 Uncommon trap: reason=bimorphic action=maybe_recompile pc=0x0000000003df4c70 method=org.apache.catalina.startup.ContextConfig.populateJavaClassCache(Ljava/lang/String;Ljava/util/Map;)V @ 111
Event: 777.607 Thread 0x0000000018d5d800 Uncommon trap: reason=bimorphic action=maybe_recompile pc=0x0000000003df4c70 method=org.apache.catalina.startup.ContextConfig.populateJavaClassCache(Ljava/lang/String;Ljava/util/Map;)V @ 111
Event: 782.494 Thread 0x00000000156ea000 Uncommon trap: reason=unstable_if action=reinterpret pc=0x000000000374b8f8 method=java.lang.ref.Reference.tryHandlePending(Z)Z @ 20
Event: 785.376 Thread 0x0000000018d5d800 Uncommon trap: reason=null_check action=make_not_entrant pc=0x00000000034e9cbc method=org.apache.tomcat.util.digester.RulesBase.lookup(Ljava/lang/String;Ljava/lang/String;)Ljava/util/List; @ 76
Event: 785.377 Thread 0x0000000018d5d800 Uncommon trap: reason=null_check action=make_not_entrant pc=0x0000000003407b5c method=org.apache.tomcat.util.digester.RulesBase.lookup(Ljava/lang/String;Ljava/lang/String;)Ljava/util/List; @ 76
Event: 790.207 Thread 0x0000000018d5d800 Uncommon trap: reason=unstable_if action=reinterpret pc=0x000000000429381c method=org.springframework.util.ConcurrentReferenceHashMap$Segment.restructureIfNecessary(Z)V @ 15
Event: 799.310 Thread 0x0000000018d5d800 Uncommon trap: reason=bimorphic action=maybe_recompile pc=0x0000000003df4c70 method=org.apache.catalina.startup.ContextConfig.populateJavaClassCache(Ljava/lang/String;Ljava/util/Map;)V @ 111
Event: 799.312 Thread 0x0000000018d5d800 Uncommon trap: reason=bimorphic action=maybe_recompile pc=0x0000000003df4c70 method=org.apache.catalina.startup.ContextConfig.populateJavaClassCache(Ljava/lang/String;Ljava/util/Map;)V @ 111
Event: 803.432 Thread 0x0000000018d5d800 Uncommon trap: reason=null_check action=make_not_entrant pc=0x00000000040f6be8 method=java.lang.reflect.Array.newInstance(Ljava/lang/Class;I)Ljava/lang/Object; @ 2
Event: 808.958 Thread 0x0000000018d5d800 Uncommon trap: reason=unstable_if action=reinterpret pc=0x000000000450cadc method=org.springframework.util.ConcurrentReferenceHashMap$Segment.restructureIfNecessary(Z)V @ 15

Classes redefined (0 events):
No events

Internal exceptions (10 events):
Event: 813.496 Thread 0x0000000018d5d800 Exception <a 'java/lang/ClassNotFoundException': org/springframework/web/servlet/theme/FixedThemeResolverCustomizer> (0x00000000ee21f5c8) thrown at [C:\ade\jenkins\workspace\8-2-build-windows-amd64-cygwin\jdk8u241\331\hotspot\src\share\vm\classfile\system
Event: 813.498 Thread 0x0000000018d5d800 Exception <a 'java/lang/ClassNotFoundException': org/springframework/web/servlet/ThemeResolverCustomizer> (0x00000000ee242628) thrown at [C:\ade\jenkins\workspace\8-2-build-windows-amd64-cygwin\jdk8u241\331\hotspot\src\share\vm\classfile\systemDictionary.
Event: 813.509 Thread 0x0000000018d5d800 Exception <a 'java/lang/ClassNotFoundException': org/springframework/web/servlet/view/DefaultRequestToViewNameTranslatorBeanInfo> (0x00000000ee2937b8) thrown at [C:\ade\jenkins\workspace\8-2-build-windows-amd64-cygwin\jdk8u241\331\hotspot\src\share\vm\cla
Event: 813.511 Thread 0x0000000018d5d800 Exception <a 'java/lang/ClassNotFoundException': org/springframework/web/servlet/view/DefaultRequestToViewNameTranslatorCustomizer> (0x00000000ee2bafe8) thrown at [C:\ade\jenkins\workspace\8-2-build-windows-amd64-cygwin\jdk8u241\331\hotspot\src\share\vm\c
Event: 813.515 Thread 0x0000000018d5d800 Exception <a 'java/lang/ClassNotFoundException': org/springframework/web/servlet/RequestToViewNameTranslatorCustomizer> (0x00000000ee2f0b38) thrown at [C:\ade\jenkins\workspace\8-2-build-windows-amd64-cygwin\jdk8u241\331\hotspot\src\share\vm\classfile\sys
Event: 813.530 Thread 0x0000000018d5d800 Exception <a 'java/lang/ClassNotFoundException': org/springframework/web/servlet/support/SessionFlashMapManagerBeanInfo> (0x00000000ee345f98) thrown at [C:\ade\jenkins\workspace\8-2-build-windows-amd64-cygwin\jdk8u241\331\hotspot\src\share\vm\classfile\sy
Event: 813.534 Thread 0x0000000018d5d800 Exception <a 'java/lang/ClassNotFoundException': org/springframework/web/servlet/support/AbstractFlashMapManagerBeanInfo> (0x00000000ee36aee8) thrown at [C:\ade\jenkins\workspace\8-2-build-windows-amd64-cygwin\jdk8u241\331\hotspot\src\share\vm\classfile\s
Event: 813.539 Thread 0x0000000018d5d800 Exception <a 'java/lang/ClassNotFoundException': org/springframework/web/servlet/support/AbstractFlashMapManagerCustomizer> (0x00000000ee38fe98) thrown at [C:\ade\jenkins\workspace\8-2-build-windows-amd64-cygwin\jdk8u241\331\hotspot\src\share\vm\classfile
Event: 813.544 Thread 0x0000000018d5d800 Exception <a 'java/lang/ClassNotFoundException': org/springframework/web/servlet/support/SessionFlashMapManagerCustomizer> (0x00000000ee3bc870) thrown at [C:\ade\jenkins\workspace\8-2-build-windows-amd64-cygwin\jdk8u241\331\hotspot\src\share\vm\classfile\
Event: 813.548 Thread 0x0000000018d5d800 Exception <a 'java/lang/ClassNotFoundException': org/springframework/web/servlet/FlashMapManagerCustomizer> (0x00000000ee3df6b0) thrown at [C:\ade\jenkins\workspace\8-2-build-windows-amd64-cygwin\jdk8u241\331\hotspot\src\share\vm\classfile\systemDictionar

Events (10 events):
Event: 813.547 loading class org/springframework/web/servlet/FlashMapManagerCustomizer done
Event: 813.548 loading class org/springframework/web/servlet/FlashMapManagerCustomizer
Event: 813.548 loading class org/springframework/web/servlet/FlashMapManagerCustomizer done
Event: 813.560 Executing VM operation: BulkRevokeBias
Event: 813.561 Executing VM operation: BulkRevokeBias done
Event: 813.561 Thread 0x0000000018d51800 Thread exited: 0x0000000018d51800
Event: 814.071 Thread 0x0000000018d51800 Thread added: 0x0000000018d51800
Event: 814.321 Executing VM operation: RevokeBias
Event: 814.321 Executing VM operation: RevokeBias done
Event: 814.321 Thread 0x0000000018d51800 Thread exited: 0x0000000018d51800


Dynamic libraries:
0x00007ff6ae800000 - 0x00007ff6ae837000 	C:\Program Files\Java\jdk1.8.0_241\bin\java.exe
0x00007ff863cb0000 - 0x00007ff863ea8000 	C:\Windows\SYSTEM32\ntdll.dll
0x00007ff863400000 - 0x00007ff8634bf000 	C:\Windows\System32\KERNEL32.DLL
0x00007ff8615a0000 - 0x00007ff861872000 	C:\Windows\System32\KERNELBASE.dll
0x00007ff863a20000 - 0x00007ff863ace000 	C:\Windows\System32\ADVAPI32.dll
0x00007ff863360000 - 0x00007ff8633fe000 	C:\Windows\System32\msvcrt.dll
0x00007ff862490000 - 0x00007ff86252c000 	C:\Windows\System32\sechost.dll
0x00007ff863840000 - 0x00007ff863965000 	C:\Windows\System32\RPCRT4.dll
0x00007ff8629a0000 - 0x00007ff862b41000 	C:\Windows\System32\USER32.dll
0x00007ff861cc0000 - 0x00007ff861ce2000 	C:\Windows\System32\win32u.dll
0x00007ff8634c0000 - 0x00007ff8634eb000 	C:\Windows\System32\GDI32.dll
0x00007ff861880000 - 0x00007ff86198f000 	C:\Windows\System32\gdi32full.dll
0x00007ff861b90000 - 0x00007ff861c2d000 	C:\Windows\System32\msvcp_win.dll
0x00007ff861990000 - 0x00007ff861a90000 	C:\Windows\System32\ucrtbase.dll
0x00007ff8527d0000 - 0x00007ff852a6a000 	C:\Windows\WinSxS\amd64_microsoft.windows.common-controls_6595b64144ccf1df_6.0.19041.1110_none_60b5254171f9507e\COMCTL32.dll
0x00007ff863720000 - 0x00007ff863752000 	C:\Windows\System32\IMM32.DLL
0x00000000734c0000 - 0x0000000073592000 	C:\Program Files\Java\jdk1.8.0_241\jre\bin\msvcr100.dll
0x0000000072c10000 - 0x00000000734bc000 	C:\Program Files\Java\jdk1.8.0_241\jre\bin\server\jvm.dll
0x00007ff862c00000 - 0x00007ff862c08000 	C:\Windows\System32\PSAPI.DLL
0x00007ff850db0000 - 0x00007ff850db9000 	C:\Windows\SYSTEM32\WSOCK32.dll
0x00007ff8634f0000 - 0x00007ff86355b000 	C:\Windows\System32\WS2_32.dll
0x00007ff859fa0000 - 0x00007ff859faa000 	C:\Windows\SYSTEM32\VERSION.dll
0x00007ff851270000 - 0x00007ff851297000 	C:\Windows\SYSTEM32\WINMM.dll
0x00007ff85d220000 - 0x00007ff85d22f000 	C:\Program Files\Java\jdk1.8.0_241\jre\bin\verify.dll
0x00007ff85c130000 - 0x00007ff85c159000 	C:\Program Files\Java\jdk1.8.0_241\jre\bin\java.dll
0x00007ff85c630000 - 0x00007ff85c646000 	C:\Program Files\Java\jdk1.8.0_241\jre\bin\zip.dll
0x00007ff862c10000 - 0x00007ff863355000 	C:\Windows\System32\SHELL32.dll
0x00007ff85f460000 - 0x00007ff85fbf2000 	C:\Windows\SYSTEM32\windows.storage.dll
0x00007ff861fb0000 - 0x00007ff862305000 	C:\Windows\System32\combase.dll
0x00007ff860e00000 - 0x00007ff860e30000 	C:\Windows\SYSTEM32\Wldp.dll
0x00007ff863970000 - 0x00007ff863a1d000 	C:\Windows\System32\SHCORE.dll
0x00007ff863690000 - 0x00007ff8636e5000 	C:\Windows\System32\shlwapi.dll
0x00007ff8612e0000 - 0x00007ff8612ff000 	C:\Windows\SYSTEM32\profapi.dll
0x00007ff85c110000 - 0x00007ff85c12a000 	C:\Program Files\Java\jdk1.8.0_241\jre\bin\net.dll
0x00007ff860b60000 - 0x00007ff860bca000 	C:\Windows\system32\mswsock.dll
0x00007ff85ac40000 - 0x00007ff85ac52000 	C:\Program Files\Java\jdk1.8.0_241\jre\bin\nio.dll
0x00007ff85d150000 - 0x00007ff85d15d000 	C:\Program Files\Java\jdk1.8.0_241\jre\bin\management.dll
0x00007ff84f9f0000 - 0x00007ff84fa07000 	C:\Windows\system32\napinsp.dll
0x00007ff84ba80000 - 0x00007ff84ba9b000 	C:\Windows\system32\pnrpnsp.dll
0x00007ff84a660000 - 0x00007ff84a675000 	C:\Windows\system32\wshbth.dll
0x00007ff85d070000 - 0x00007ff85d08d000 	C:\Windows\system32\NLAapi.dll
0x00007ff860800000 - 0x00007ff86083b000 	C:\Windows\SYSTEM32\IPHLPAPI.DLL
0x00007ff860850000 - 0x00007ff86091b000 	C:\Windows\SYSTEM32\DNSAPI.dll
0x00007ff8636f0000 - 0x00007ff8636f8000 	C:\Windows\System32\NSI.dll
0x00007ff845b30000 - 0x00007ff845b42000 	C:\Windows\System32\winrnr.dll
0x00007ff8536f0000 - 0x00007ff8536fa000 	C:\Windows\System32\rasadhlp.dll
0x00007ff854be0000 - 0x00007ff854c60000 	C:\Windows\System32\fwpuclnt.dll
0x00007ff8613a0000 - 0x00007ff8613c7000 	C:\Windows\System32\bcrypt.dll
0x00007ff860d50000 - 0x00007ff860d68000 	C:\Windows\SYSTEM32\CRYPTSP.dll
0x00007ff860410000 - 0x00007ff860444000 	C:\Windows\system32\rsaenh.dll
0x00007ff861260000 - 0x00007ff86128e000 	C:\Windows\SYSTEM32\USERENV.dll
0x00007ff861c30000 - 0x00007ff861cb2000 	C:\Windows\System32\bcryptprimitives.dll
0x00007ff860d70000 - 0x00007ff860d7c000 	C:\Windows\SYSTEM32\CRYPTBASE.dll
0x00007ff85a4a0000 - 0x00007ff85a4b7000 	C:\Windows\SYSTEM32\dhcpcsvc6.DLL
0x00007ff85a3b0000 - 0x00007ff85a3cd000 	C:\Windows\SYSTEM32\dhcpcsvc.DLL
0x00007ff85ac70000 - 0x00007ff85ac94000 	C:\Program Files\Java\jdk1.8.0_241\jre\bin\sunec.dll
0x00007ff85be80000 - 0x00007ff85be8b000 	C:\Program Files\Java\jdk1.8.0_241\jre\bin\sunmscapi.dll
0x00007ff861440000 - 0x00007ff861596000 	C:\Windows\System32\CRYPT32.dll

VM Arguments:
jvm_args: -Djava.util.logging.config.file=C:\Users\Admin\AppData\Local\JetBrains\IntelliJIdea2021.2\tomcat\4a5eba64-c385-48fa-a937-4e48502137c1\conf\logging.properties -Djava.util.logging.manager=org.apache.juli.ClassLoaderLogManager -Dcom.sun.management.jmxremote= -Dcom.sun.management.jmxremote.port=1099 -Dcom.sun.management.jmxremote.ssl=false -Dcom.sun.management.jmxremote.password.file=C:\Users\Admin\AppData\Local\JetBrains\IntelliJIdea2021.2\tomcat\4a5eba64-c385-48fa-a937-4e48502137c1\jmxremote.password -Dcom.sun.management.jmxremote.access.file=C:\Users\Admin\AppData\Local\JetBrains\IntelliJIdea2021.2\tomcat\4a5eba64-c385-48fa-a937-4e48502137c1\jmxremote.access -Djava.rmi.server.hostname=127.0.0.1 -Djdk.tls.ephemeralDHKeySize=2048 -Djava.protocol.handler.pkgs=org.apache.catalina.webresources -Dignore.endorsed.dirs= -Dcatalina.base=C:\Users\Admin\AppData\Local\JetBrains\IntelliJIdea2021.2\tomcat\4a5eba64-c385-48fa-a937-4e48502137c1 -Dcatalina.home=D:\CODEGYM2\Module 4\apache-tomcat-9.0.71 -Djava.io.tmpdir=D:\CODEGYM2\Module 4\apache-tomcat-9.0.71\temp 
java_command: org.apache.catalina.startup.Bootstrap start
java_class_path (initial): D:\CODEGYM2\Module 4\apache-tomcat-9.0.71\bin\bootstrap.jar;D:\CODEGYM2\Module 4\apache-tomcat-9.0.71\bin\tomcat-juli.jar
Launcher Type: SUN_STANDARD

Environment Variables:
JAVA_HOME=C:\Program Files\Java\jdk1.8.0_241
JRE_HOME=C:\Program Files\Java\jdk1.8.0_241
CLASSPATH=D:\CODEGYM2\Module 4\apache-tomcat-9.0.71\bin\bootstrap.jar;D:\CODEGYM2\Module 4\apache-tomcat-9.0.71\bin\tomcat-juli.jar
PATH=C:\Program Files (x86)\Common Files\Oracle\Java\javapath;C:\Windows\system32;C:\Windows;C:\Windows\System32\Wbem;C:\Windows\System32\WindowsPowerShell\v1.0\;C:\Windows\System32\OpenSSH\;C:\Program Files\Git\cmd;C:\Users\Admin\AppData\Local\Microsoft\WindowsApps;C:\Users\Admin\AppData\Local\GitHubDesktop\bin
USERNAME=Admin
OS=Windows_NT
PROCESSOR_IDENTIFIER=Intel64 Family 6 Model 61 Stepping 4, GenuineIntel



---------------  S Y S T E M  ---------------

OS: Windows 10.0 , 64 bit Build 19041 (10.0.19041.2546)

CPU:total 4 (initial active 4) (2 cores per cpu, 2 threads per core) family 6 model 61 stepping 4, cmov, cx8, fxsr, mmx, sse, sse2, sse3, ssse3, sse4.1, sse4.2, popcnt, avx, avx2, aes, clmul, erms, 3dnowpref, lzcnt, ht, tsc, tscinvbit, bmi1, bmi2, adx

Memory: 4k page, physical 4107668k(259888k free), swap 10103224k(6752k free)

vm_info: Java HotSpot(TM) 64-Bit Server VM (25.241-b07) for windows-amd64 JRE (1.8.0_241-b07), built on Dec 11 2019 10:21:40 by "rejava" with MS VC++ 10.0 (VS2010)

time: Thu Mar 02 11:44:48 2023
timezone: SE Asia Standard Time
elapsed time: 815 seconds (0d 0h 13m 35s)

